C:\USERS\FRANCIS\GIT\MFC.09\GAME\GAME\DEBUG\GAME.PCH
C:\USERS\FRANCIS\GIT\MFC.09\GAME\GAME\DEBUG\STDAFX.OBJ
C:\USERS\FRANCIS\GIT\MFC.09\GAME\GAME\DEBUG\VC110.PDB
C:\USERS\FRANCIS\GIT\MFC.09\GAME\GAME\DEBUG\GAME.OBJ
C:\USERS\FRANCIS\GIT\MFC.09\GAME\GAME\DEBUG\GAMEDOC.OBJ
C:\USERS\FRANCIS\GIT\MFC.09\GAME\GAME\DEBUG\GAMEVIEW.OBJ
C:\USERS\FRANCIS\GIT\MFC.09\GAME\GAME\DEBUG\MAINFRM.OBJ
C:\USERS\FRANCIS\GIT\MFC.09\GAME\GAME\DEBUG\SPLASH.OBJ
C:\USERS\FRANCIS\GIT\MFC.09\GAME\GAME\DEBUG\WELCOMEDLG.OBJ
C:\USERS\FRANCIS\GIT\MFC.09\GAME\GAME\DEBUG\STATICDLG.OBJ
C:\USERS\FRANCIS\GIT\MFC.09\GAME\DEBUG\GAME.ILK
C:\USERS\FRANCIS\GIT\MFC.09\GAME\DEBUG\GAME.EXE
C:\USERS\FRANCIS\GIT\MFC.09\GAME\DEBUG\GAME.PDB
C:\USERS\FRANCIS\GIT\MFC.09\GAME\GAME\DEBUG\GAME.RES
C:\Users\Francis\git\MFC.09\Game\Game\Debug\Game.obj
C:\Users\Francis\git\MFC.09\Game\Game\Debug\GameDoc.obj
C:\Users\Francis\git\MFC.09\Game\Game\Debug\GameView.obj
C:\Users\Francis\git\MFC.09\Game\Game\Debug\MainFrm.obj
C:\Users\Francis\git\MFC.09\Game\Game\Debug\Splash.obj
C:\Users\Francis\git\MFC.09\Game\Game\Debug\StaticDlg.obj
C:\Users\Francis\git\MFC.09\Game\Game\Debug\stdafx.obj
C:\Users\Francis\git\MFC.09\Game\Game\Debug\WelcomeDlg.obj
C:\Users\Francis\git\MFC.09\Game\Game\Debug\cl.command.1.tlog
C:\Users\Francis\git\MFC.09\Game\Game\Debug\CL.read.1.tlog
C:\Users\Francis\git\MFC.09\Game\Game\Debug\CL.write.1.tlog
C:\Users\Francis\git\MFC.09\Game\Game\Debug\link-cvtres.read.1.tlog
C:\Users\Francis\git\MFC.09\Game\Game\Debug\link-cvtres.write.1.tlog
C:\Users\Francis\git\MFC.09\Game\Game\Debug\link-mt.read.1.tlog
C:\Users\Francis\git\MFC.09\Game\Game\Debug\link-mt.write.1.tlog
C:\Users\Francis\git\MFC.09\Game\Game\Debug\link-rc.read.1.tlog
C:\Users\Francis\git\MFC.09\Game\Game\Debug\link-rc.write.1.tlog
C:\Users\Francis\git\MFC.09\Game\Game\Debug\link.7864-cvtres.read.1.tlog
C:\Users\Francis\git\MFC.09\Game\Game\Debug\link.7864-cvtres.write.1.tlog
C:\Users\Francis\git\MFC.09\Game\Game\Debug\link.7864-mt.read.1.tlog
C:\Users\Francis\git\MFC.09\Game\Game\Debug\link.7864-mt.write.1.tlog
C:\Users\Francis\git\MFC.09\Game\Game\Debug\link.7864-rc.read.1.tlog
C:\Users\Francis\git\MFC.09\Game\Game\Debug\link.7864-rc.write.1.tlog
C:\Users\Francis\git\MFC.09\Game\Game\Debug\link.7864.read.1.tlog
C:\Users\Francis\git\MFC.09\Game\Game\Debug\link.7864.write.1.tlog
C:\Users\Francis\git\MFC.09\Game\Game\Debug\link.8596-cvtres.read.1.tlog
C:\Users\Francis\git\MFC.09\Game\Game\Debug\link.8596-cvtres.write.1.tlog
C:\Users\Francis\git\MFC.09\Game\Game\Debug\link.8596-mt.read.1.tlog
C:\Users\Francis\git\MFC.09\Game\Game\Debug\link.8596-mt.write.1.tlog
C:\Users\Francis\git\MFC.09\Game\Game\Debug\link.8596-rc.read.1.tlog
C:\Users\Francis\git\MFC.09\Game\Game\Debug\link.8596-rc.write.1.tlog
C:\Users\Francis\git\MFC.09\Game\Game\Debug\link.8596.read.1.tlog
C:\Users\Francis\git\MFC.09\Game\Game\Debug\link.8596.write.1.tlog
C:\Users\Francis\git\MFC.09\Game\Game\Debug\link.9200-cvtres.read.1.tlog
C:\Users\Francis\git\MFC.09\Game\Game\Debug\link.9200-cvtres.write.1.tlog
C:\Users\Francis\git\MFC.09\Game\Game\Debug\link.9200-mt.read.1.tlog
C:\Users\Francis\git\MFC.09\Game\Game\Debug\link.9200-mt.write.1.tlog
C:\Users\Francis\git\MFC.09\Game\Game\Debug\link.9200-rc.read.1.tlog
C:\Users\Francis\git\MFC.09\Game\Game\Debug\link.9200-rc.write.1.tlog
C:\Users\Francis\git\MFC.09\Game\Game\Debug\link.9200.read.1.tlog
C:\Users\Francis\git\MFC.09\Game\Game\Debug\link.9200.write.1.tlog
C:\Users\Francis\git\MFC.09\Game\Game\Debug\link.9332-cvtres.read.1.tlog
C:\Users\Francis\git\MFC.09\Game\Game\Debug\link.9332-cvtres.write.1.tlog
C:\Users\Francis\git\MFC.09\Game\Game\Debug\link.9332-mt.read.1.tlog
C:\Users\Francis\git\MFC.09\Game\Game\Debug\link.9332-mt.write.1.tlog
C:\Users\Francis\git\MFC.09\Game\Game\Debug\link.9332-rc.read.1.tlog
C:\Users\Francis\git\MFC.09\Game\Game\Debug\link.9332-rc.write.1.tlog
C:\Users\Francis\git\MFC.09\Game\Game\Debug\link.9332.read.1.tlog
C:\Users\Francis\git\MFC.09\Game\Game\Debug\link.9332.write.1.tlog
C:\Users\Francis\git\MFC.09\Game\Game\Debug\link.9952-cvtres.read.1.tlog
C:\Users\Francis\git\MFC.09\Game\Game\Debug\link.9952-cvtres.write.1.tlog
C:\Users\Francis\git\MFC.09\Game\Game\Debug\link.9952-mt.read.1.tlog
C:\Users\Francis\git\MFC.09\Game\Game\Debug\link.9952-mt.write.1.tlog
C:\Users\Francis\git\MFC.09\Game\Game\Debug\link.9952-rc.read.1.tlog
C:\Users\Francis\git\MFC.09\Game\Game\Debug\link.9952-rc.write.1.tlog
C:\Users\Francis\git\MFC.09\Game\Game\Debug\link.9952.read.1.tlog
C:\Users\Francis\git\MFC.09\Game\Game\Debug\link.9952.write.1.tlog
C:\Users\Francis\git\MFC.09\Game\Game\Debug\link.command.1.tlog
C:\Users\Francis\git\MFC.09\Game\Game\Debug\link.read.1.tlog
C:\Users\Francis\git\MFC.09\Game\Game\Debug\link.write.1.tlog
C:\Users\Francis\git\MFC.09\Game\Game\Debug\rc.command.1.tlog
C:\Users\Francis\git\MFC.09\Game\Game\Debug\rc.read.1.tlog
C:\Users\Francis\git\MFC.09\Game\Game\Debug\rc.write.1.tlog
C:\Users\Francis\git\MFC.09\Game\Game\Debug\Game.res
C:\Users\Francis\git\MFC.09\Game\Game\Debug\Game.pch
C:\Users\Francis\git\MFC.09\Game\Game\Debug\vc110.idb
C:\Users\Francis\git\MFC.09\Game\Game\Debug\vc110.pdb
C:\Users\Francis\git\MFC.09\Game\Debug\Game.pdb
C:\Users\Francis\git\MFC.09\Game\Debug\Game.exe
C:\Users\Francis\git\MFC.09\Game\Debug\Game.ilk
