빌드 시작: 2013-11-21 오후 4:18:23
     1>2 노드의 "C:\Users\Francis\git\MFC.09\Game\Game\Game.vcxproj" 프로젝트(Build 대상)입니다.
     1>ResourceCompile:
         C:\Program Files (x86)\Windows Kits\8.0\bin\x86\rc.exe /D _DEBUG /D _UNICODE /D UNICODE /D _AFXDLL /l"0x0412" /IDebug\ /nologo /fo"Debug\Game.res" Game.rc 
       Link:
         C:\Program Files (x86)\Microsoft Visual Studio 11.0\VC\bin\link.exe /ERRORREPORT:PROMPT /OUT:"C:\Users\Francis\git\MFC.09\Game\Debug\Game.exe" /INCREMENTAL /NOLOGO /MANIFEST /MANIFESTUAC:"level='asInvoker' uiAccess='false'" /manifest:embed /manifestinput:"C:\Program Files (x86)\Microsoft Visual Studio 11.0\VC\Include\Manifest\dpiaware.manifest" /DEBUG /PDB:"C:\Users\Francis\git\MFC.09\Game\Debug\Game.pdb" /SUBSYSTEM:WINDOWS /TLBID:1 /ENTRY:"wWinMainCRTStartup" /DYNAMICBASE /NXCOMPAT /IMPLIB:"C:\Users\Francis\git\MFC.09\Game\Debug\Game.lib" /MACHINE:X86 Debug\Game.res
         Debug\Data.obj
         Debug\DataSocket.obj
         Debug\Game.obj
         Debug\GameDoc.obj
         Debug\GameView.obj
         Debug\MainFrm.obj
         Debug\PvpGame.obj
         Debug\ServerSocket.obj
         Debug\SocketDlg.obj
         Debug\Splash.obj
         Debug\Record.obj
         Debug\StaticDlg.obj
         Debug\stdafx.obj
         Debug\WelcomeDlg.obj
         Game.vcxproj -> C:\Users\Francis\git\MFC.09\Game\Debug\Game.exe
     1>"C:\Users\Francis\git\MFC.09\Game\Game\Game.vcxproj" 프로젝트를 빌드했습니다(Build 대상).

빌드했습니다.

경과 시간: 00:00:00.95
